[debug] [2022-01-26T10:49:48.400Z] ----------------------------------------------------------------------
[debug] [2022-01-26T10:49:48.402Z] Command:       /home/andreas/.nvm/versions/node/v14.17.4/bin/node /home/andreas/.nvm/versions/node/v14.17.4/bin/firebase emulators:start --import=./firebase-fixtures
[debug] [2022-01-26T10:49:48.402Z] CLI Version:   9.16.3
[debug] [2022-01-26T10:49:48.402Z] Platform:      linux
[debug] [2022-01-26T10:49:48.402Z] Node Version:  v14.17.4
[debug] [2022-01-26T10:49:48.403Z] Time:          Wed Jan 26 2022 11:49:48 GMT+0100 (Central European Standard Time)
[debug] [2022-01-26T10:49:48.403Z] ----------------------------------------------------------------------
[debug] 
[debug] [2022-01-26T10:49:48.457Z] > command requires scopes: ["email","openid","https://www.googleapis.com/auth/cloudplatformprojects.readonly","https://www.googleapis.com/auth/firebase","https://www.googleapis.com/auth/cloud-platform"]
[debug] [2022-01-26T10:49:48.457Z] > authorizing via signed-in user (andreas.h.haaversen@gmail.com)
[info] i  emulators: Starting emulators: auth, functions, firestore, storage {"metadata":{"emulator":{"name":"hub"},"message":"Starting emulators: auth, functions, firestore, storage"}}
[debug] [2022-01-26T10:49:48.476Z] [hub] writing locator at /tmp/hub-readme-arkiv.json
[warn] ⚠  functions: The following emulators are not running, calls to these services from the Functions emulator will affect production: database, hosting, pubsub {"metadata":{"emulator":{"name":"functions"},"message":"The following emulators are not running, calls to these services from the Functions emulator will affect production: \u001b[1mdatabase, hosting, pubsub\u001b[22m"}}
[info] ✔  functions: Using node@14 from host. {"metadata":{"emulator":{"name":"functions"},"message":"Using node@14 from host."}}
[debug] [2022-01-26T10:49:48.536Z] defaultcredentials: writing to file /home/andreas/.config/firebase/andreas_h.haaversen_gmail.com_application_default_credentials.json
[debug] [2022-01-26T10:49:48.537Z] Setting GAC to /home/andreas/.config/firebase/andreas_h.haaversen_gmail.com_application_default_credentials.json {"metadata":{"emulator":{"name":"functions"},"message":"Setting GAC to /home/andreas/.config/firebase/andreas_h.haaversen_gmail.com_application_default_credentials.json"}}
[debug] [2022-01-26T10:49:48.545Z] >>> [apiv2][query] GET https://firebase.googleapis.com/v1beta1/projects/readme-arkiv/adminSdkConfig [none]
[debug] [2022-01-26T10:49:48.911Z] <<< [apiv2][status] GET https://firebase.googleapis.com/v1beta1/projects/readme-arkiv/adminSdkConfig 200
[debug] [2022-01-26T10:49:48.912Z] <<< [apiv2][body] GET https://firebase.googleapis.com/v1beta1/projects/readme-arkiv/adminSdkConfig {"projectId":"readme-arkiv","databaseURL":"https://readme-arkiv.firebaseio.com","storageBucket":"readme-arkiv.appspot.com","locationId":"europe-west"}
[info] i  firestore: Importing data from /home/andreas/dev/GitHub/readme-arkiv-v2/firebase-fixtures/firestore_export/firestore_export.overall_export_metadata {"metadata":{"emulator":{"name":"firestore"},"message":"Importing data from /home/andreas/dev/GitHub/readme-arkiv-v2/firebase-fixtures/firestore_export/firestore_export.overall_export_metadata"}}
[debug] [2022-01-26T10:49:48.935Z] Ignoring unsupported arg: projectId {"metadata":{"emulator":{"name":"firestore"},"message":"Ignoring unsupported arg: projectId"}}
[debug] [2022-01-26T10:49:48.936Z] Ignoring unsupported arg: auto_download {"metadata":{"emulator":{"name":"firestore"},"message":"Ignoring unsupported arg: auto_download"}}
[debug] [2022-01-26T10:49:48.936Z] Starting Firestore Emulator with command {"binary":"java","args":["-Dgoogle.cloud_firestore.debug_log_level=FINE","-Duser.language=en","-jar","/home/andreas/.cache/firebase/emulators/cloud-firestore-emulator-v1.13.1.jar","--host","localhost","--port",8080,"--seed_from_export","/home/andreas/dev/GitHub/readme-arkiv-v2/firebase-fixtures/firestore_export/firestore_export.overall_export_metadata","--rules","/home/andreas/dev/GitHub/readme-arkiv-v2/firestore.rules","--functions_emulator","localhost:5001"],"optionalArgs":["port","webchannel_port","host","rules","functions_emulator","seed_from_export"],"joinArgs":false} {"metadata":{"emulator":{"name":"firestore"},"message":"Starting Firestore Emulator with command {\"binary\":\"java\",\"args\":[\"-Dgoogle.cloud_firestore.debug_log_level=FINE\",\"-Duser.language=en\",\"-jar\",\"/home/andreas/.cache/firebase/emulators/cloud-firestore-emulator-v1.13.1.jar\",\"--host\",\"localhost\",\"--port\",8080,\"--seed_from_export\",\"/home/andreas/dev/GitHub/readme-arkiv-v2/firebase-fixtures/firestore_export/firestore_export.overall_export_metadata\",\"--rules\",\"/home/andreas/dev/GitHub/readme-arkiv-v2/firestore.rules\",\"--functions_emulator\",\"localhost:5001\"],\"optionalArgs\":[\"port\",\"webchannel_port\",\"host\",\"rules\",\"functions_emulator\",\"seed_from_export\"],\"joinArgs\":false}"}}
[info] i  firestore: Firestore Emulator logging to firestore-debug.log {"metadata":{"emulator":{"name":"firestore"},"message":"Firestore Emulator logging to \u001b[1mfirestore-debug.log\u001b[22m"}}
[debug] [2022-01-26T10:49:49.976Z] Jan 26, 2022 11:49:49 AM com.google.cloud.datastore.emulator.firestore.websocket.WebSocketServer start
INFO: Started WebSocket server on ws://localhost:38907
 {"metadata":{"emulator":{"name":"firestore"},"message":"Jan 26, 2022 11:49:49 AM com.google.cloud.datastore.emulator.firestore.websocket.WebSocketServer start\nINFO: Started WebSocket server on ws://localhost:38907\n"}}
[debug] [2022-01-26T10:49:50.021Z] API endpoint: http:// {"metadata":{"emulator":{"name":"firestore"},"message":"API endpoint: http://"}}
[debug] [2022-01-26T10:49:50.022Z] localhost:8080
If you are using a library that supports the FIRESTORE_EMULATOR_HOST environment variable, run:

   export FIRESTORE_EMULATOR_HOST=localhost:8080

Dev App Server is now running.

 {"metadata":{"emulator":{"name":"firestore"},"message":"localhost:8080\nIf you are using a library that supports the FIRESTORE_EMULATOR_HOST environment variable, run:\n\n   export FIRESTORE_EMULATOR_HOST=localhost:8080\n\nDev App Server is now running.\n\n"}}
[info] i  auth: Importing config from /home/andreas/dev/GitHub/readme-arkiv-v2/firebase-fixtures/auth_export/config.json {"metadata":{"emulator":{"name":"database"},"message":"Importing config from /home/andreas/dev/GitHub/readme-arkiv-v2/firebase-fixtures/auth_export/config.json"}}
[info] i  auth: Importing accounts from /home/andreas/dev/GitHub/readme-arkiv-v2/firebase-fixtures/auth_export/accounts.json {"metadata":{"emulator":{"name":"database"},"message":"Importing accounts from /home/andreas/dev/GitHub/readme-arkiv-v2/firebase-fixtures/auth_export/accounts.json"}}
[debug] [2022-01-26T10:49:52.842Z] Ignoring unsupported arg: port {"metadata":{"emulator":{"name":"storage"},"message":"Ignoring unsupported arg: port"}}
[debug] [2022-01-26T10:49:53.014Z] Temp file directory for storage emulator: /tmp/firebase/storage/blobs {"metadata":{"emulator":{"name":"storage"},"message":"Temp file directory for storage emulator: /tmp/firebase/storage/blobs"}}
[debug] [2022-01-26T10:49:53.691Z] Ignoring unsupported arg: auto_download {"metadata":{"emulator":{"name":"ui"},"message":"Ignoring unsupported arg: auto_download"}}
[debug] [2022-01-26T10:49:53.691Z] Ignoring unsupported arg: port {"metadata":{"emulator":{"name":"ui"},"message":"Ignoring unsupported arg: port"}}
[debug] [2022-01-26T10:49:53.691Z] Starting Emulator UI with command {"binary":"node","args":["/home/andreas/.cache/firebase/emulators/ui-v1.6.2/server.bundle.js"],"optionalArgs":[],"joinArgs":false} {"metadata":{"emulator":{"name":"ui"},"message":"Starting Emulator UI with command {\"binary\":\"node\",\"args\":[\"/home/andreas/.cache/firebase/emulators/ui-v1.6.2/server.bundle.js\"],\"optionalArgs\":[],\"joinArgs\":false}"}}
[info] i  ui: Emulator UI logging to ui-debug.log {"metadata":{"emulator":{"name":"ui"},"message":"Emulator UI logging to \u001b[1mui-debug.log\u001b[22m"}}
[debug] [2022-01-26T10:49:53.796Z] Web / API server started at localhost:4000
 {"metadata":{"emulator":{"name":"ui"},"message":"Web / API server started at localhost:4000\n"}}
[info] i  functions: Watching "/home/andreas/dev/GitHub/readme-arkiv-v2/functions" for Cloud Functions... {"metadata":{"emulator":{"name":"functions"},"message":"Watching \"/home/andreas/dev/GitHub/readme-arkiv-v2/functions\" for Cloud Functions..."}}
[debug] [2022-01-26T10:49:53.983Z] [worker-pool] addWorker(~diagnostic~) {"metadata":{"emulator":{"name":"functions"},"message":"[worker-pool] addWorker(~diagnostic~)"}}
[debug] [2022-01-26T10:49:53.984Z] [worker-pool] Adding worker with key ~diagnostic~, total=1 {"metadata":{"emulator":{"name":"functions"},"message":"[worker-pool] Adding worker with key ~diagnostic~, total=1"}}
[debug] [2022-01-26T10:49:53.985Z] [worker-pool] submitWork(triggerId=) {"metadata":{"emulator":{"name":"functions"},"message":"[worker-pool] submitWork(triggerId=)"}}
[debug] [2022-01-26T10:49:53.985Z] [worker-~diagnostic~-fdae5b0d-c7a3-45ad-850e-e5cce10ca2f1]: Assigning socketPath: /tmp/fire_emu_31406.sock {"metadata":{"emulator":{"name":"functions"},"message":"[worker-~diagnostic~-fdae5b0d-c7a3-45ad-850e-e5cce10ca2f1]: Assigning socketPath: /tmp/fire_emu_31406.sock"}}
[debug] [2022-01-26T10:49:53.986Z] [worker-~diagnostic~-fdae5b0d-c7a3-45ad-850e-e5cce10ca2f1]: BUSY {"metadata":{"emulator":{"name":"functions"},"message":"[worker-~diagnostic~-fdae5b0d-c7a3-45ad-850e-e5cce10ca2f1]: BUSY"}}
[debug] [2022-01-26T10:49:54.301Z] [runtime-status] [31406] Functions runtime initialized. {"cwd":"/home/andreas/dev/GitHub/readme-arkiv-v2/functions","node_version":"14.17.4"} {"metadata":{"emulator":{"name":"functions"},"message":"[runtime-status] [31406] Functions runtime initialized. {\"cwd\":\"/home/andreas/dev/GitHub/readme-arkiv-v2/functions\",\"node_version\":\"14.17.4\"}"}}
[debug] [2022-01-26T10:49:54.303Z] [runtime-status] [31406] Disabled runtime features: undefined {"metadata":{"emulator":{"name":"functions"},"message":"[runtime-status] [31406] Disabled runtime features: undefined"}}
[debug] [2022-01-26T10:49:54.305Z] [runtime-status] [31406] Resolved module firebase-admin {"declared":true,"installed":true,"version":"9.12.0","resolution":"/home/andreas/dev/GitHub/readme-arkiv-v2/functions/node_modules/firebase-admin/lib/index.js"} {"metadata":{"emulator":{"name":"functions"},"message":"[runtime-status] [31406] Resolved module firebase-admin {\"declared\":true,\"installed\":true,\"version\":\"9.12.0\",\"resolution\":\"/home/andreas/dev/GitHub/readme-arkiv-v2/functions/node_modules/firebase-admin/lib/index.js\"}"}}
[debug] [2022-01-26T10:49:54.309Z] [runtime-status] [31406] Resolved module firebase-functions {"declared":true,"installed":true,"version":"3.16.0","resolution":"/home/andreas/dev/GitHub/readme-arkiv-v2/functions/node_modules/firebase-functions/lib/index.js"} {"metadata":{"emulator":{"name":"functions"},"message":"[runtime-status] [31406] Resolved module firebase-functions {\"declared\":true,\"installed\":true,\"version\":\"3.16.0\",\"resolution\":\"/home/andreas/dev/GitHub/readme-arkiv-v2/functions/node_modules/firebase-functions/lib/index.js\"}"}}
[debug] [2022-01-26T10:49:54.311Z] [runtime-status] [31406] Resolved module firebase-functions {"declared":true,"installed":true,"version":"3.16.0","resolution":"/home/andreas/dev/GitHub/readme-arkiv-v2/functions/node_modules/firebase-functions/lib/index.js"} {"metadata":{"emulator":{"name":"functions"},"message":"[runtime-status] [31406] Resolved module firebase-functions {\"declared\":true,\"installed\":true,\"version\":\"3.16.0\",\"resolution\":\"/home/andreas/dev/GitHub/readme-arkiv-v2/functions/node_modules/firebase-functions/lib/index.js\"}"}}
[debug] [2022-01-26T10:49:54.314Z] [runtime-status] [31406] Outgoing network have been stubbed. [{"name":"http","status":"mocked"},{"name":"http","status":"mocked"},{"name":"https","status":"mocked"},{"name":"https","status":"mocked"},{"name":"net","status":"mocked"}] {"metadata":{"emulator":{"name":"functions"},"message":"[runtime-status] [31406] Outgoing network have been stubbed. [{\"name\":\"http\",\"status\":\"mocked\"},{\"name\":\"http\",\"status\":\"mocked\"},{\"name\":\"https\",\"status\":\"mocked\"},{\"name\":\"https\",\"status\":\"mocked\"},{\"name\":\"net\",\"status\":\"mocked\"}]"}}
[debug] [2022-01-26T10:49:54.314Z] [runtime-status] [31406] Resolved module firebase-functions {"declared":true,"installed":true,"version":"3.16.0","resolution":"/home/andreas/dev/GitHub/readme-arkiv-v2/functions/node_modules/firebase-functions/lib/index.js"} {"metadata":{"emulator":{"name":"functions"},"message":"[runtime-status] [31406] Resolved module firebase-functions {\"declared\":true,\"installed\":true,\"version\":\"3.16.0\",\"resolution\":\"/home/andreas/dev/GitHub/readme-arkiv-v2/functions/node_modules/firebase-functions/lib/index.js\"}"}}
[debug] [2022-01-26T10:49:54.358Z] [runtime-status] [31406] Checked functions.config() {"config":{}} {"metadata":{"emulator":{"name":"functions"},"message":"[runtime-status] [31406] Checked functions.config() {\"config\":{}}"}}
[debug] [2022-01-26T10:49:54.362Z] [runtime-status] [31406] firebase-functions has been stubbed. {"functionsResolution":{"declared":true,"installed":true,"version":"3.16.0","resolution":"/home/andreas/dev/GitHub/readme-arkiv-v2/functions/node_modules/firebase-functions/lib/index.js"}} {"metadata":{"emulator":{"name":"functions"},"message":"[runtime-status] [31406] firebase-functions has been stubbed. {\"functionsResolution\":{\"declared\":true,\"installed\":true,\"version\":\"3.16.0\",\"resolution\":\"/home/andreas/dev/GitHub/readme-arkiv-v2/functions/node_modules/firebase-functions/lib/index.js\"}}"}}
[debug] [2022-01-26T10:49:54.363Z] [runtime-status] [31406] Resolved module firebase-functions {"declared":true,"installed":true,"version":"3.16.0","resolution":"/home/andreas/dev/GitHub/readme-arkiv-v2/functions/node_modules/firebase-functions/lib/index.js"} {"metadata":{"emulator":{"name":"functions"},"message":"[runtime-status] [31406] Resolved module firebase-functions {\"declared\":true,\"installed\":true,\"version\":\"3.16.0\",\"resolution\":\"/home/andreas/dev/GitHub/readme-arkiv-v2/functions/node_modules/firebase-functions/lib/index.js\"}"}}
[debug] [2022-01-26T10:49:54.363Z] [runtime-status] [31406] Resolved module firebase-admin {"declared":true,"installed":true,"version":"9.12.0","resolution":"/home/andreas/dev/GitHub/readme-arkiv-v2/functions/node_modules/firebase-admin/lib/index.js"} {"metadata":{"emulator":{"name":"functions"},"message":"[runtime-status] [31406] Resolved module firebase-admin {\"declared\":true,\"installed\":true,\"version\":\"9.12.0\",\"resolution\":\"/home/andreas/dev/GitHub/readme-arkiv-v2/functions/node_modules/firebase-admin/lib/index.js\"}"}}
[debug] [2022-01-26T10:49:54.363Z] [runtime-status] [31406] Resolved module firebase-functions {"declared":true,"installed":true,"version":"3.16.0","resolution":"/home/andreas/dev/GitHub/readme-arkiv-v2/functions/node_modules/firebase-functions/lib/index.js"} {"metadata":{"emulator":{"name":"functions"},"message":"[runtime-status] [31406] Resolved module firebase-functions {\"declared\":true,\"installed\":true,\"version\":\"3.16.0\",\"resolution\":\"/home/andreas/dev/GitHub/readme-arkiv-v2/functions/node_modules/firebase-functions/lib/index.js\"}"}}
[debug] [2022-01-26T10:49:54.363Z] [runtime-status] [31406] firebase-admin has been stubbed. {"adminResolution":{"declared":true,"installed":true,"version":"9.12.0","resolution":"/home/andreas/dev/GitHub/readme-arkiv-v2/functions/node_modules/firebase-admin/lib/index.js"}} {"metadata":{"emulator":{"name":"functions"},"message":"[runtime-status] [31406] firebase-admin has been stubbed. {\"adminResolution\":{\"declared\":true,\"installed\":true,\"version\":\"9.12.0\",\"resolution\":\"/home/andreas/dev/GitHub/readme-arkiv-v2/functions/node_modules/firebase-admin/lib/index.js\"}}"}}
[debug] [2022-01-26T10:49:54.495Z] [runtime-status] [31406] initializeApp(DEFAULT) {"storageBucket":"readme-arkiv.appspot.com","databaseURL":"https://readme-arkiv.firebaseio.com","projectId":"readme-arkiv"} {"metadata":{"emulator":{"name":"functions"},"message":"[runtime-status] [31406] initializeApp(DEFAULT) {\"storageBucket\":\"readme-arkiv.appspot.com\",\"databaseURL\":\"https://readme-arkiv.firebaseio.com\",\"projectId\":\"readme-arkiv\"}"}}
[debug] [2022-01-26T10:49:54.499Z] addStorageTrigger {"eventTrigger":{"resource":"projects/_/buckets/readme-arkiv.appspot.com","eventType":"google.storage.object.finalize","service":"storage.googleapis.com"}}
[info] ✔  functions[us-central1-handlePDFUpload]: storage function initialized. {"metadata":{"emulator":{"name":"functions"},"message":"\u001b[1mstorage\u001b[22m function initialized."}}
[info] 
┌─────────────────────────────────────────────────────────────┐
│ ✔  All emulators ready! It is now safe to connect your app. │
│ i  View Emulator UI at http://localhost:4000                │
└─────────────────────────────────────────────────────────────┘

┌────────────────┬────────────────┬─────────────────────────────────┐
│ Emulator       │ Host:Port      │ View in Emulator UI             │
├────────────────┼────────────────┼─────────────────────────────────┤
│ Authentication │ localhost:9099 │ http://localhost:4000/auth      │
├────────────────┼────────────────┼─────────────────────────────────┤
│ Functions      │ localhost:5001 │ http://localhost:4000/functions │
├────────────────┼────────────────┼─────────────────────────────────┤
│ Firestore      │ localhost:8080 │ http://localhost:4000/firestore │
├────────────────┼────────────────┼─────────────────────────────────┤
│ Storage        │ localhost:9199 │ http://localhost:4000/storage   │
└────────────────┴────────────────┴─────────────────────────────────┘
  Emulator Hub running at localhost:4400
  Other reserved ports: 4500

Issues? Report them at https://github.com/firebase/firebase-tools/issues and attach the *-debug.log files.
 
[debug] [2022-01-26T10:49:54.504Z] [worker-~diagnostic~-fdae5b0d-c7a3-45ad-850e-e5cce10ca2f1]: IDLE {"metadata":{"emulator":{"name":"functions"},"message":"[worker-~diagnostic~-fdae5b0d-c7a3-45ad-850e-e5cce10ca2f1]: IDLE"}}
[debug] [2022-01-26T10:49:59.346Z] Jan 26, 2022 11:49:59 AM io.gapi.emulators.netty.HttpVersionRoutingHandler channelRead
INFO: Detected non-HTTP/2 connection.
 {"metadata":{"emulator":{"name":"firestore"},"message":"Jan 26, 2022 11:49:59 AM io.gapi.emulators.netty.HttpVersionRoutingHandler channelRead\nINFO: Detected non-HTTP/2 connection.\n"}}
[debug] [2022-01-26T10:49:59.503Z] Jan 26, 2022 11:49:59 AM com.google.cloud.datastore.emulator.firestore.websocket.WebSocketChannelHandler initChannel
INFO: Connected to new websocket client
 {"metadata":{"emulator":{"name":"firestore"},"message":"Jan 26, 2022 11:49:59 AM com.google.cloud.datastore.emulator.firestore.websocket.WebSocketChannelHandler initChannel\nINFO: Connected to new websocket client\n"}}
[debug] [2022-01-26T10:50:03.341Z] Jan 26, 2022 11:50:03 AM io.gapi.emulators.netty.HttpVersionRoutingHandler channelRead
INFO: Detected non-HTTP/2 connection.
 {"metadata":{"emulator":{"name":"firestore"},"message":"Jan 26, 2022 11:50:03 AM io.gapi.emulators.netty.HttpVersionRoutingHandler channelRead\nINFO: Detected non-HTTP/2 connection.\n"}}
[debug] [2022-01-26T10:50:05.408Z] Jan 26, 2022 11:50:05 AM io.gapi.emulators.netty.HttpVersionRoutingHandler channelRead
INFO: Detected non-HTTP/2 connection.
 {"metadata":{"emulator":{"name":"firestore"},"message":"Jan 26, 2022 11:50:05 AM io.gapi.emulators.netty.HttpVersionRoutingHandler channelRead\nINFO: Detected non-HTTP/2 connection.\n"}}
[debug] [2022-01-26T10:50:07.461Z] Jan 26, 2022 11:50:07 AM io.gapi.emulators.netty.HttpVersionRoutingHandler channelRead
INFO: Detected non-HTTP/2 connection.
 {"metadata":{"emulator":{"name":"firestore"},"message":"Jan 26, 2022 11:50:07 AM io.gapi.emulators.netty.HttpVersionRoutingHandler channelRead\nINFO: Detected non-HTTP/2 connection.\n"}}
[debug] [2022-01-26T10:50:09.511Z] Jan 26, 2022 11:50:09 AM io.gapi.emulators.netty.HttpVersionRoutingHandler channelRead
INFO: Detected non-HTTP/2 connection.
 {"metadata":{"emulator":{"name":"firestore"},"message":"Jan 26, 2022 11:50:09 AM io.gapi.emulators.netty.HttpVersionRoutingHandler channelRead\nINFO: Detected non-HTTP/2 connection.\n"}}
[debug] [2022-01-26T10:50:11.563Z] Jan 26, 2022 11:50:11 AM io.gapi.emulators.netty.HttpVersionRoutingHandler channelRead
INFO: Detected non-HTTP/2 connection.
 {"metadata":{"emulator":{"name":"firestore"},"message":"Jan 26, 2022 11:50:11 AM io.gapi.emulators.netty.HttpVersionRoutingHandler channelRead\nINFO: Detected non-HTTP/2 connection.\n"}}
[debug] [2022-01-26T10:50:13.607Z] Jan 26, 2022 11:50:13 AM io.gapi.emulators.netty.HttpVersionRoutingHandler channelRead
INFO: Detected non-HTTP/2 connection.
 {"metadata":{"emulator":{"name":"firestore"},"message":"Jan 26, 2022 11:50:13 AM io.gapi.emulators.netty.HttpVersionRoutingHandler channelRead\nINFO: Detected non-HTTP/2 connection.\n"}}
[debug] [2022-01-26T10:50:15.646Z] Jan 26, 2022 11:50:15 AM io.gapi.emulators.netty.HttpVersionRoutingHandler channelRead
INFO: Detected non-HTTP/2 connection.
 {"metadata":{"emulator":{"name":"firestore"},"message":"Jan 26, 2022 11:50:15 AM io.gapi.emulators.netty.HttpVersionRoutingHandler channelRead\nINFO: Detected non-HTTP/2 connection.\n"}}
[debug] [2022-01-26T10:50:17.676Z] Jan 26, 2022 11:50:17 AM io.gapi.emulators.netty.HttpVersionRoutingHandler channelRead
INFO: Detected non-HTTP/2 connection.
 {"metadata":{"emulator":{"name":"firestore"},"message":"Jan 26, 2022 11:50:17 AM io.gapi.emulators.netty.HttpVersionRoutingHandler channelRead\nINFO: Detected non-HTTP/2 connection.\n"}}
[debug] [2022-01-26T10:50:19.698Z] Jan 26, 2022 11:50:19 AM io.gapi.emulators.netty.HttpVersionRoutingHandler channelRead
INFO: Detected non-HTTP/2 connection.
 {"metadata":{"emulator":{"name":"firestore"},"message":"Jan 26, 2022 11:50:19 AM io.gapi.emulators.netty.HttpVersionRoutingHandler channelRead\nINFO: Detected non-HTTP/2 connection.\n"}}
[debug] [2022-01-26T10:50:21.734Z] Jan 26, 2022 11:50:21 AM io.gapi.emulators.netty.HttpVersionRoutingHandler channelRead
INFO: Detected non-HTTP/2 connection.
 {"metadata":{"emulator":{"name":"firestore"},"message":"Jan 26, 2022 11:50:21 AM io.gapi.emulators.netty.HttpVersionRoutingHandler channelRead\nINFO: Detected non-HTTP/2 connection.\n"}}
[debug] [2022-01-26T10:50:23.760Z] Jan 26, 2022 11:50:23 AM io.gapi.emulators.netty.HttpVersionRoutingHandler channelRead
INFO: Detected non-HTTP/2 connection.
 {"metadata":{"emulator":{"name":"firestore"},"message":"Jan 26, 2022 11:50:23 AM io.gapi.emulators.netty.HttpVersionRoutingHandler channelRead\nINFO: Detected non-HTTP/2 connection.\n"}}
[debug] [2022-01-26T10:50:25.804Z] Jan 26, 2022 11:50:25 AM io.gapi.emulators.netty.HttpVersionRoutingHandler channelRead
INFO: Detected non-HTTP/2 connection.
 {"metadata":{"emulator":{"name":"firestore"},"message":"Jan 26, 2022 11:50:25 AM io.gapi.emulators.netty.HttpVersionRoutingHandler channelRead\nINFO: Detected non-HTTP/2 connection.\n"}}
[debug] [2022-01-26T10:50:27.835Z] Jan 26, 2022 11:50:27 AM io.gapi.emulators.netty.HttpVersionRoutingHandler channelRead
INFO: Detected non-HTTP/2 connection.
 {"metadata":{"emulator":{"name":"firestore"},"message":"Jan 26, 2022 11:50:27 AM io.gapi.emulators.netty.HttpVersionRoutingHandler channelRead\nINFO: Detected non-HTTP/2 connection.\n"}}
[debug] [2022-01-26T10:50:29.867Z] Jan 26, 2022 11:50:29 AM io.gapi.emulators.netty.HttpVersionRoutingHandler channelRead
INFO: Detected non-HTTP/2 connection.
 {"metadata":{"emulator":{"name":"firestore"},"message":"Jan 26, 2022 11:50:29 AM io.gapi.emulators.netty.HttpVersionRoutingHandler channelRead\nINFO: Detected non-HTTP/2 connection.\n"}}
